2023-10-01 16:10:48,734.v3_emitter_of_tasks.INFO ==================================================
2023-10-01 16:10:48,734.v3_emitter_of_tasks.INFO Today is 2023-10-01 at 04:10 PM
2023-10-01 16:10:48,734.v3_emitter_of_tasks.INFO Running on: posix Darwin 22.5.0
2023-10-01 16:10:48,734.v3_emitter_of_tasks.INFO Python version:  3.11.5
2023-10-01 16:10:48,734.v3_emitter_of_tasks.INFO Python path: /Users/johnhickman/streaming-04-multiple-consumers/.venv
2023-10-01 16:10:48,734.v3_emitter_of_tasks.INFO Working dir: /Users/johnhickman/streaming-04-multiple-consumers
2023-10-01 16:10:48,734.v3_emitter_of_tasks.INFO ==================================================
2023-10-01 16:10:48,909.v3_emitter_of_tasks.INFO  [x] Sent First task....
2023-10-01 16:10:48,911.v3_emitter_of_tasks.INFO Sent: First task.... to RabbitMQ.
2023-10-01 16:10:48,916.v3_emitter_of_tasks.INFO  [x] Sent Second task....
2023-10-01 16:10:48,917.v3_emitter_of_tasks.INFO Sent: Second task.... to RabbitMQ.
2023-10-01 16:10:48,922.v3_emitter_of_tasks.INFO  [x] Sent Third task....
2023-10-01 16:10:48,923.v3_emitter_of_tasks.INFO Sent: Third task.... to RabbitMQ.
2023-10-01 16:10:48,929.v3_emitter_of_tasks.INFO  [x] Sent Forth task...
2023-10-01 16:10:48,930.v3_emitter_of_tasks.INFO Sent: Forth task... to RabbitMQ.
2023-10-01 16:10:48,938.v3_emitter_of_tasks.INFO  [x] Sent Fifth task...
2023-10-01 16:10:48,939.v3_emitter_of_tasks.INFO Sent: Fifth task... to RabbitMQ.
2023-10-01 16:10:48,947.v3_emitter_of_tasks.INFO  [x] Sent Sixth task...
2023-10-01 16:10:48,948.v3_emitter_of_tasks.INFO Sent: Sixth task... to RabbitMQ.
2023-10-01 16:10:48,954.v3_emitter_of_tasks.INFO  [x] Sent Seventh task...
2023-10-01 16:10:48,955.v3_emitter_of_tasks.INFO Sent: Seventh task... to RabbitMQ.
2023-10-01 16:10:48,964.v3_emitter_of_tasks.INFO  [x] Sent Eighth task.....
2023-10-01 16:10:48,965.v3_emitter_of_tasks.INFO Sent: Eighth task..... to RabbitMQ.
2023-10-01 16:10:48,970.v3_emitter_of_tasks.INFO  [x] Sent Ninth task......
2023-10-01 16:10:48,970.v3_emitter_of_tasks.INFO Sent: Ninth task...... to RabbitMQ.
2023-10-01 16:10:48,976.v3_emitter_of_tasks.INFO  [x] Sent Tenth task.....
2023-10-01 16:10:48,977.v3_emitter_of_tasks.INFO Sent: Tenth task..... to RabbitMQ.
2023-10-01 16:10:48,983.v3_emitter_of_tasks.INFO  [x] Sent Eleventh task.....
2023-10-01 16:10:48,983.v3_emitter_of_tasks.INFO Sent: Eleventh task..... to RabbitMQ.
